<?xml version="1.0" encoding="UTF-8"?>
<testng-results ignored="0" total="1" passed="1" failed="0" skipped="0">
  <reporter-output>
  </reporter-output>
  <suite started-at="2022-06-01T13:51:39 IST" name="Default suite" finished-at="2022-06-01T13:51:55 IST" duration-ms="15513">
    <groups>
    </groups>
    <test started-at="2022-06-01T13:51:39 IST" name="Default test" finished-at="2022-06-01T13:51:55 IST" duration-ms="15513">
      <class name="com.ClarPar.TestScripts.CreditTestScripts">
        <test-method is-config="true" signature="setup()[pri:0, instance:com.ClarPar.TestScripts.CreditTestScripts@128d2484]" started-at="2022-06-01T13:51:39 IST" name="setup" finished-at="2022-06-01T13:51:45 IST" duration-ms="5982" status="PASS">
          <reporter-output>
          </reporter-output>
        </test-method> <!-- setup -->
        <test-method signature="testCreateCredit()[pri:0, instance:com.ClarPar.TestScripts.CreditTestScripts@128d2484]" started-at="2022-06-01T13:51:45 IST" name="testCreateCredit" finished-at="2022-06-01T13:51:54 IST" duration-ms="8884" status="PASS">
          <reporter-output>
          </reporter-output>
        </test-method> <!-- testCreateCredit -->
        <test-method is-config="true" signature="teardown()[pri:0, instance:com.ClarPar.TestScripts.CreditTestScripts@128d2484]" started-at="2022-06-01T13:51:54 IST" name="teardown" finished-at="2022-06-01T13:51:55 IST" duration-ms="534" status="PASS">
          <reporter-output>
          </reporter-output>
        </test-method> <!-- teardown -->
      </class> <!-- com.ClarPar.TestScripts.CreditTestScripts -->
    </test> <!-- Default test -->
  </suite> <!-- Default suite -->
</testng-results>
